<?xml version="1.0" encoding="UTF-8"?>
<!-- Generated by org.testng.reporters.JUnitReportReporter -->
<testsuite skipped="1" hostname="evs01cpb424" name="testcases.HybridExecuteTest" tests="1" failures="0" timestamp="10 Aug 2017 06:55:25 GMT" time="0.000" errors="0">
  <testcase name="testlogin" time="0.000" classname="testcases.HybridExecuteTest">
    <skipped/>
  </testcase> <!-- testlogin -->
</testsuite> <!-- testcases.HybridExecuteTest -->
