<?xml version="1.0" encoding="UTF-8"?>
<!-- Generated by org.testng.reporters.JUnitReportReporter -->
<testsuite name="testcases.Hybriddelete" tests="1" time="0.000" ignored="0" failures="0" timestamp="04 Aug 2017 10:47:51 GMT" skipped="1" hostname="EVS01CPB367" errors="0">
  <testcase name="testlogin" time="0.000" classname="testcases.Hybriddelete">
    <skipped/>
  </testcase> <!-- testlogin -->
</testsuite> <!-- testcases.Hybriddelete -->
